0 info it worked if it ends with ok
1 verbose cli [ '/usr/local/Cellar/node/7.1.0/bin/node',
1 verbose cli   '/usr/local/bin/npm',
1 verbose cli   'install',
1 verbose cli   'package.json' ]
2 info using npm@3.10.9
3 info using node@v7.1.0
4 silly loadCurrentTree Starting
5 silly install loadCurrentTree
6 silly install readLocalPackageData
7 silly fetchPackageMetaData package.json
8 silly fetchOtherPackageData package.json
9 silly cache add args [ 'package.json', null ]
10 verbose cache add spec package.json
11 silly cache add parsed spec Result {
11 silly cache add   raw: 'package.json',
11 silly cache add   scope: null,
11 silly cache add   escapedName: 'package.json',
11 silly cache add   name: null,
11 silly cache add   rawSpec: 'package.json',
11 silly cache add   spec: '/Users/sam/Documents/2017spring/cmpe277/CMPE277-TeamProject/277_Team_Server/package.json',
11 silly cache add   type: 'local' }
12 silly addLocalTarball shasum (computed) e02a6c875bd5f7c6bd5c4e30332a93272489b359
13 verbose addTmpTarball /Users/sam/Documents/2017spring/cmpe277/CMPE277-TeamProject/277_Team_Server/package.json not in flight; adding
14 verbose correctMkdir /Users/sam/.npm correctMkdir not in flight; initializing
15 verbose addTmpTarball validating metadata from /Users/sam/Documents/2017spring/cmpe277/CMPE277-TeamProject/277_Team_Server/package.json
16 verbose tar unpack /Users/sam/Documents/2017spring/cmpe277/CMPE277-TeamProject/277_Team_Server/package.json
17 verbose tar unpacking to /var/folders/jd/fsl0jnz578d074mg5c640rqr0000gn/T/npm-83968-dbb8ac8d/unpack-b8c7ab24
18 silly gentlyRm /var/folders/jd/fsl0jnz578d074mg5c640rqr0000gn/T/npm-83968-dbb8ac8d/unpack-b8c7ab24 is being purged
19 verbose gentlyRm don't care about contents; nuking /var/folders/jd/fsl0jnz578d074mg5c640rqr0000gn/T/npm-83968-dbb8ac8d/unpack-b8c7ab24
20 silly gunzTarPerm modes [ '755', '644' ]
21 error not a package /Users/sam/Documents/2017spring/cmpe277/CMPE277-TeamProject/277_Team_Server/package.json
22 error addLocal Could not install /Users/sam/Documents/2017spring/cmpe277/CMPE277-TeamProject/277_Team_Server/package.json
23 silly fetchPackageMetaData Error: ENOENT: no such file or directory, open '/var/folders/jd/fsl0jnz578d074mg5c640rqr0000gn/T/npm-83968-dbb8ac8d/unpack-b8c7ab24/package.json'
23 silly fetchPackageMetaData  error for package.json { Error: ENOENT: no such file or directory, open '/var/folders/jd/fsl0jnz578d074mg5c640rqr0000gn/T/npm-83968-dbb8ac8d/unpack-b8c7ab24/package.json'
23 silly fetchPackageMetaData   errno: -2,
23 silly fetchPackageMetaData   code: 'ENOENT',
23 silly fetchPackageMetaData   syscall: 'open',
23 silly fetchPackageMetaData   path: '/var/folders/jd/fsl0jnz578d074mg5c640rqr0000gn/T/npm-83968-dbb8ac8d/unpack-b8c7ab24/package.json' }
24 silly rollbackFailedOptional Starting
25 silly rollbackFailedOptional Finishing
26 silly runTopLevelLifecycles Finishing
27 silly install printInstalled
28 verbose stack Error: ENOENT: no such file or directory, open '/var/folders/jd/fsl0jnz578d074mg5c640rqr0000gn/T/npm-83968-dbb8ac8d/unpack-b8c7ab24/package.json'
29 verbose cwd /Users/sam/Documents/2017spring/cmpe277/CMPE277-TeamProject/277_Team_Server
30 error Darwin 16.4.0
31 error argv "/usr/local/Cellar/node/7.1.0/bin/node" "/usr/local/bin/npm" "install" "package.json"
32 error node v7.1.0
33 error npm  v3.10.9
34 error path /var/folders/jd/fsl0jnz578d074mg5c640rqr0000gn/T/npm-83968-dbb8ac8d/unpack-b8c7ab24/package.json
35 error code ENOENT
36 error errno -2
37 error syscall open
38 error enoent ENOENT: no such file or directory, open '/var/folders/jd/fsl0jnz578d074mg5c640rqr0000gn/T/npm-83968-dbb8ac8d/unpack-b8c7ab24/package.json'
39 error enoent ENOENT: no such file or directory, open '/var/folders/jd/fsl0jnz578d074mg5c640rqr0000gn/T/npm-83968-dbb8ac8d/unpack-b8c7ab24/package.json'
39 error enoent This is most likely not a problem with npm itself
39 error enoent and is related to npm not being able to find a file.
40 verbose exit [ -2, true ]
